2019-02-26 17:43:24.115637+0800 GijkPlayer[29678:1694055] #VideoCapture# _captureSession(0x282e660a0) beginConfiguration in GPUImageVideoCamera.m -[GPUImageVideoCamera initWithSessionPreset:cameraPosition:] 110
2019-02-26 17:43:24.134031+0800 GijkPlayer[29678:1694055] #VideoCapture# GPUImageVideoCamera $ canAddVideoOutput(V):0x282c16fc0 by _captureSession:0x282e660a0,  in GPUImageVideoCamera.m -[GPUImageVideoCamera initWithSessionPreset:cameraPosition:] 209
-02-26 17:43:24.137034+0800 GijkPlayer[29678:1694055] #VideoCapture# GPUImageVideoCamera $ commitConfiguration after adding Video output in GPUImageVideoCamera.m -[GPUImageVideoCamera initWithSessionPreset:cameraPosition:] 228
2019-02-26 17:43:24.246045+0800 GijkPlayer[29678:1694055] #VideoCapture# _captureSession(0x282e660a0) beginConfiguration in GPUImageVideoCamera.m -[GPUImageVideoCamera addAudioInputsAndOutputs] 260
t2019-02-26 17:43:24.272218+0800 GijkPlayer[29678:1694055] #VideoCapture# GPUImageVideoCamera $ canAddAudioOutput(A):0x282c1c460 by _captureSession:0x282e660a0,  in GPUImageVideoCamera.m -[GPUImageVideoCamera addAudioInputsAndOutputs] 272

:24.274645+0800 GijkPlayer[29678:1694055] #VideoCapture# GPUImageVideoCamera $ commitConfiguration after adding Audio output in GPUImageVideoCamera.m -[GPUImageVideoCamera addAudioInputsAndOutputs] 280
2019-02-26 17:43:24.608187+0800 GijkPlayer[29678:1694055] #VideoCapture# GPUImageVideoCamera$startCameraCapture in GPUImageVideoCamera.m -[GPUImageVideoCamera startCameraCapture] 341

608553+0800 GijkPlayer[29678:1694055] #VideoCapture# GPUImageVideoCamera$startCameraCapture : startRunning in GPUImageVideoCamera.m -[GPUImageVideoCamera startCameraCapture] 343
shifted frame pt2019-02-26 17:43:24.912994+0800 GijkPlayer[29678:1694213] #VideoCapture# GPUImageVideoCamera$captureOutput return#1 in GPUImageVideoCamera.m -[GPUImageVideoCamera captureOutput:didOutputSampleBuffer:fromConnection:] 893
Before avformat_find_stre2019-02-26 17:43:25.091081+0800 GijkPlayer[29678:1694250] #VideoCapture# GPUImageVideoCamera$captureOutput return#1 in GPUImageVideoCamera.m -[GPUImageVideoC2019-02-26 17:43:25.116351+0800 GijkPlayer[29678:1694250] #VideoCapture# GPUImageVideoCamera$captureOutput return#1 in GPUImageVideoCamera.m -[GPUImageVideoCamera captureOutput:didOutputSample2019-02-26 17:43:25.120646+0800 GijkPlayer[29678:1694250] #VideoCapture# GPUImageVideoCamera$captureOutput return#1 in GPUImageVideoCamera.m -[GPUImageVideoCamera capt2019-02-26 17:43:25.122298+0800 GijkPlayer[29678:1694250] #VideoCapture# GPUImageVideoCamera$captureOutput return#1 in GPUImageVideoCamera.m -[GPUImageVideoCamera captureOutput:didOutputSampleBuffer:fro2019-02-26 17:43:25.124630+0800 GijkPlayer[29678:1694250] #VideoCapture# GPUImageVideoCamera$captureOutput return#1 in GPUImageVideoCamera.m -[GPUImageVideoCamera captureOutput:didOutputSampleBuffer:fromConnection:] 893
:25.155846+0800 GijkPlayer[29678:1694250] #VideoCapture# GPUImageVideoCamera$captureOutput return#1 in GPUImageVideoCamera.m -[GPUImageVideoCamera captureOutput:didOutputSampleBuffer:fromConnection:] 893
2019-02-26 17:43:25.297154+0800 GijkPlayer[29678:1694514] #VideoCapture# GPUImageVideoCamera$captureOutput return#1 in GPUImageVideoCamera2019-02-26 17:43:25.330730+0800 GijkPlayer[29678:1694514] #VideoCapture# GPUImageVideoCamera$captureOutput return#1 in GPUImageVideoCamera.m -[GPUImageVideoCamera captureOutput:didOutputSampleBuffer:fromConnection:] 893
2019-02-26 17:43:25.430990+0800 GijkPlayer[29678:1694213] #VideoCapture# GPUImageVideoCamera$captureOutput return#1 in GPUImageVideoCamera.m -[GPUImageVideoCamera captureOutput:didOutputSampleBuffer:fromConnection:] 893
2019-02-26 17:43:25.977349+0800 GijkPlayer[29678:1694527] #VideoCapture# GPUImageVideoCamera$captureOutput return#1 in GPUImageVideoCamera.m -[GPUImageVideoCamera captureOutput:didOutputSampleBuffer:fromConnection:] 893
kPlayer[29678:1694527] #VideoCapture# GPUImageVideoCamera$captureOutput return#1 in GPUImageVideoCamera.m -[GPUImageVideoCamera captureOutput:didOutputSampleBuffer:fromConnection:] 893
2019-02-26 17:43:25.986829+0800 GijkPlayer[29678:1694527] #VideoCapture# GPUImageVideoCamera$captureOutpu2019-02-26 17:43:25.987915+0800 GijkPlayer[29678:1694527] #VideoCapture# GPUImageVideoCamera$captureOutput return#1 in GPUImageVideoCamera.2019-02-26 17:43:25.998086+0800 GijkPlayer[29678:1694527] #VideoCapture# GPUImageVideoCamera$captureOutput return#1 in GPUImageVideoCamera.m -[GPUImageVideoCamera captureOutp2019-02-26 17:43:26.004471+0800 GijkPlayer[29678:1694527] #VideoCapture# GPUImageVideoCamera$captureOutput return#1 in GPUImageVideoCamera.m -[GPUImageVideoCamera captureOutput:didOutputSampleBuffer:fromConnec2019-02-26 17:43:26.006926+0800 GijkPlayer[29678:1694527] #VideoCapture# GPUImageVideoCamera$captureOutput return#1 in GPUImageVideoCamera.m -[GPUImageVideoCamera captureOutput:didOutputSampleBuffer:fromConnection:] 893
971+0800 GijkPlayer[29678:1694527] #VideoCapture# GPUImageVideoCamera$captureOutput return#1 in GPUImageVideoCamera.m -[GPUImageVideoCamera captureOutput:didOutputSampleBuffer:fromConnection:] 893
 #VideoCapture# GPUImageVideoCamera$captureOutput return#1 in GPUImageVideoCamera.m -[GPUImageVideoCamera captureOutput:didOutputSampleBuffer:fromConnection:] 893
2019-02-26 17:43:26.013122+0800 GijkPlayer[29678:1694527] #VideoCapture# GPUImageVideoCamera2019-02-26 17:43:26.014497+0800 GijkPlayer[29678:1694527] #VideoCapture# GPUImageVideoCamera$captureOutput return#1 in GPUImage2019-02-26 17:43:26.016360+0800 GijkPlayer[29678:1694527] #VideoCapture# GPUImageVideoCamera$captureOutput return#1 in GPUImageVideoCamera.m -[GPUImageVideoCamera2019-02-26 17:43:26.021030+0800 GijkPlayer[29678:1694527] #VideoCapture# GPUImageVideoCamera$captureOutput return#1 in GPUImageVideoCamera.m -[GPUImageVideoCamera captureOutput:didOutputSampleBuff2019-02-26 17:43:26.031778+0800 GijkPlayer[29678:1694527] #VideoCapture# GPUImageVideoCamera$captureOutput return#1 in GPUImageVideoCamera.m -[GPUImageVideoCamera captureOutput:didOutputSampleBuffer:fromConnection:] 893
 17:43:26.033778+0800 GijkPlayer[29678:1694250] #VideoCapture# GPUImageVideoCamera$captureOutput return#1 in GPUImageVideoCamera.m -[GPUImageVideoCamera captureOutput:didOutputSampleBuffer:fromConnection:] 893
2019-02-26 17:43:26.065712+0800 GijkPlayer[29678:1694536] #VideoCapture# GPUImageVideoCamera$captureOutput return#1 in GPUImageVideoCamera.m -[GPUImageVideoCamera captureOutput:didOutputSampleBuffer:fromConnection:] 893
2019-02-26 17:43:26.103404+0800 GijkPlayer[29678:1694536] #VideoCapture# GPUImageVideoCamera$captureOutput return#1 in GPUImageVideoCamera.m -[GPUImageVideoCamera captureOutput:didOutputSampleBuffer:fromConnection:] 893
2019-02-26 17:43:26.131495+0800 GijkPlayer[29678:1694514] #VideoCapture# GPUImageVideoCamera$captureOutput return#1 in GPUImageVideoCamera.m -[GPUImageVideoCamera captureOutput:didOutputSampleBuffer:fromConnection:] 893
2019-02-26 17:43:26.204420+0800 GijkPlayer[29678:1694348] #VideoCapture# GPUImageVideoCamera$captureOutput return#1 in GPUImageVideoCamera.m -[GPUImageVideoCamera captureOutput:didOutputSampleBuffer:fromConnection:] 893
2019-02-26 17:43:26.232952+0800 GijkPlayer[29678:1694348] #VideoCapture# GPUImageVideoCamera$captureOutput return#1 in GPUImageVideoCamera.m -[GPUImageVideoCamera captureOutput:didOutputSampleBuffer:fromConnection:] 893
2019-02-26 17:43:26.265160+0800 GijkPlayer[29678:1694251] #VideoCapture# GPUImageVideoCamera$captureOutput return#1 in GPUImageVideoCamera.m -[GPUImageVideoCamera captureOutput:didOutputSampleBuffer:fromConnection:] 893
2019-02-26 17:43:26.308548+0800 GijkPlayer[29678:1694213] #VideoCapture# GPUImageVideoCamera$captureOutput return#1 in GPUImageVideoCamera.m -[GPUImageVideoCamera captureOutput:didOutputSampleBuffer:fromConnection:] 893
2019-02-26 17:43:26.345357+0800 GijkPlayer[29678:1694213] #VideoCapture# GPUImageVideoCamera$captureOutput return#1 in GPUImageVideoCamera.m -[GPUImageVideoCamera captureOutput:didOutputSampleBuffer:fromConnection:] 893
2019-02-26 17:43:26.369395+0800 GijkPlayer[29678:1694536] #VideoCapture# GPUImageVideoCamera$captureOutput return#1 in GPUImageVideoCamera.m -[GPUImageVideoCamera captureOutput:didOutputSampleBuffer:fromConnection:] 893
2019-02-26 17:43:26.432202+0800 GijkPlayer[29678:1694251] #VideoCapture# GPUImageVideoCamera$captureOutput return#1 in GPUImageVideoCamera.m -[GPUImageVideoCamera captureOutput:didOutputSampleBuffer:fromConnection:] 893
2019-02-26 17:43:26.464668+0800 GijkPlayer[29678:1694536] #VideoCapture# GPUImageVideoCamera$captureOutput return#1 in GPUImageVideoCamera.m -[GPUImageVideoCamera captureOutput:didOutputSampleBuffer:fromConnection:] 893
2019-02-26 17:43:26.502808+0800 GijkPlayer[29678:1694536] #VideoCapture# GPUImageVideoCamera$captureOutput return#1 in GPUImageVideoCamera.m -[GPUImageVideoCamera captureOutput:didOutputSampleBuffer:fromConnection:] 893
2019-02-26 17:43:26.570114+0800 GijkPlayer[29678:1694514] #VideoCapture# GPUImageVideoCamera$captureOutput return#1 in GPUImageVideoCamera.m -[GPUImageVideoCamera captureOutput:didOutputSampleBuffer:fromConnection:] 893
2019-02-26 17:43:26.600253+0800 GijkPlayer[29678:1694251] #VideoCapture# GPUImageVideoCamera$captureOutput return#1 in GPUImageVideoCamera.m -[GPUImageVideoCamera captureOutput:didOutputSampleBuffer:fromConnection:] 893
2019-02-26 17:43:26.701031+0800 GijkPlayer[29678:1694514] #VideoCapture# GPUImageVideoCamera$captureOutput return#1 in GPUImageVideoCamera.m -[GPUImageVideoCamera captureOutput:didOutputSampleBuffer:fromConnection:] 893
2019-02-26 17:43:26.799666+0800 GijkPlayer[29678:1694213] #VideoCapture# GPUImageVideoCamera$captureOutput return#1 in GPUImageVideoCamera.m -[GPUImageVideoCamera captureOutput:didOutputSampleBuffer:fromConnection:] 893
2019-02-26 17:43:26.866225+0800 GijkPlayer[29678:1694251] #VideoCapture# GPUImageVideoCamera$captureOutput return#1 in GPUImageVideoCamera.m -[GPUImageVideoCamera captureOutput:didOutputSampleBuffer:fromConnection:] 893
2019-02-26 17:43:26.931983+0800 GijkPlayer[29678:1694213] #VideoCapture# GPUImageVideoCamera$captureOutput return#1 in GPUImageVideoCamera.m -[GPUImageVideoCamera captureOutput:didOutputSampleBuffer:fromConnection:] 893
2019-02-26 17:43:27.069360+0800 GijkPlayer[29678:1694213] #VideoCapture# GPUImageVideoCamera$captureOutput return#1 in GPUImageVideoCamera.m -[GPUImageVideoCamera captureOutput:didOutputSampleBuffer:fromConnection:] 893
2019-02-26 17:43:27.166477+0800 GijkPlayer[29678:1694536] #VideoCapture# GPUImageVideoCamera$captureOutput return#1 in GPUImageVideoCamera.m -[GPUImageVideoCamera captureOutput:didOutputSampleBuffer:fromConnection:] 893
2019-02-26 17:43:27.367022+0800 GijkPlayer[29678:1694251] #VideoCapture# GPUImageVideoCamera$captureOutput return#1 in GPUImageVideoCamera.m -[GPUImageVideoCamera captureOutput:didOutputSampleBuffer:fromConnection:] 893
2019-02-26 17:43:27.501042+0800 GijkPlayer[29678:1694536] #VideoCapture# GPUImageVideoCamera$captureOutput return#1 in GPUImageVideoCamera.m -[GPUImageVideoCamera captureOutput:didOutputSampleBuffer:fromConnection:] 893
2019-02-26 17:43:27.633403+0800 GijkPlayer[29678:1694536] #VideoCapture# GPUImageVideoCamera$captureOutput return#1 in GPUImageVideoCamera.m -[GPUImageVideoCamera captureOutput:didOutputSampleBuffer:fromConnection:] 893
2019-02-26 17:43:27.834231+0800 GijkPlayer[29678:1694514] #VideoCapture# GPUImageVideoCamera$captureOutput return#1 in GPUImageVideoCamera.m -[GPUImageVideoCamera captureOutput:didOutputSampleBuffer:fromConnection:] 893
2019-02-26 17:43:28.033714+0800 GijkPlayer[29678:1694251] #VideoCapture# GPUImageVideoCamera$captureOutput return#1 in GPUImageVideoCamera.m -[GPUImageVideoCamera captureOutput:didOutputSampleBuffer:fromConnection:] 893
2019-02-26 17:43:28.134551+0800 GijkPlayer[29678:1694514] #VideoCapture# GPUImageVideoCamera$captureOutput return#1 in GPUImageVideoCamera.m -[GPUImageVideoCamera captureOutput:didOutputSampleBuffer:fromConnection:] 893
2019-02-26 17:43:28.233866+0800 GijkPlayer[29678:1694213] #VideoCapture# GPUImageVideoCamera$captureOutput return#1 in GPUImageVideoCamera.m -[GPUImageVideoCamera captureOutput:didOutputSampleBuffer:fromConnection:] 893
2019-02-26 17:43:28.334847+0800 GijkPlayer[29678:1694213] #VideoCapture# GPUImageVideoCamera$captureOutput return#1 in GPUImageVideoCamera.m -[GPUImageVideoCamera captureOutput:didOutputSampleBuffer:fromConnection:] 893
2019-02-26 17:43:28.435380+0800 GijkPlayer[29678:1694536] #VideoCapture# GPUImageVideoCamera$captureOutput return#1 in GPUImageVideoCamera.m -[GPUImageVideoCamera captureOutput:didOutputSampleBuffer:fromConnection:] 893
2019-02-26 17:43:28.535700+0800 GijkPlayer[29678:1694213] #VideoCapture# GPUImageVideoCamera$captureOutput return#1 in GPUImageVideoCamera.m -[GPUImageVideoCamera captureOutput:didOutputSampleBuffer:fromConnection:] 893
2019-02-26 17:43:28.835958+0800 GijkPlayer[29678:1694251] #VideoCapture# GPUImageVideoCamera$captureOutput return#1 in GPUImageVideoCamera.m -[GPUImageVideoCamera captureOutput:didOutputSampleBuffer:fromConnection:] 893
2019-02-26 17:43:28.935901+0800 GijkPlayer[29678:1694536] #VideoCapture# GPUImageVideoCamera$captureOutput return#1 in GPUImageVideoCamera.m -[GPUImageVideoCamera captureOutput:didOutputSampleBuffer:fromConnection:] 893
2019-02-26 17:43:29.035126+0800 GijkPlayer[29678:1694536] #VideoCapture# GPUImageVideoCamera$captureOutput return#1 in GPUImageVideoCamera.m -[GPUImageVideoCamera captureOutput:didOutputSampleBuffer:fromConnection:] 893
2019-02-26 17:43:29.135535+0800 GijkPlayer[29678:1694536] #VideoCapture# GPUImageVideoCamera$captureOutput return#1 in GPUImageVideoCamera.m -[GPUImageVideoCamera captureOutput:didOutputSampleBuffer:fromConnection:] 893
2019-02-26 17:43:29.235917+0800 GijkPlayer[29678:1694536] #VideoCapture# GPUImageVideoCamera$captureOutput return#1 in GPUImageVideoCamera.m -[GPUImageVideoCamera captureOutput:didOutputSampleBuffer:fromConnection:] 893
2019-02-26 17:43:29.335618+0800 GijkPlayer[29678:1694536] #VideoCapture# GPUImageVideoCamera$captureOutput return#1 in GPUImageVideoCamera.m -[GPUImageVideoCamera captureOutput:didOutputSampleBuffer:fromConnection:] 893
2019-02-26 17:43:29.436557+0800 GijkPlayer[29678:1694213] #VideoCapture# GPUImageVideoCamera$captureOutput return#1 in GPUImageVideoCamera.m -[GPUImageVideoCamera captureOutput:didOutputSampleBuffer:fromConnection:] 893
2019-02-26 17:43:29.536146+0800 GijkPlayer[29678:1694536] #VideoCapture# GPUImageVideoCamera$captureOutput return#1 in GPUImageVideoCamera.m -[GPUImageVideoCamera captureOutput:didOutputSampleBuffer:fromConnection:] 893
2019-02-26 17:43:29.635678+0800 GijkPlayer[29678:1694251] #VideoCapture# GPUImageVideoCamera$captureOutput return#1 in GPUImageVideoCamera.m -[GPUImageVideoCamera captureOutput:didOutputSampleBuffer:fromConnection:] 893
2019-02-26 17:43:29.737943+0800 GijkPlayer[29678:1694527] #VideoCapture# GPUImageVideoCamera$captureOutput return#1 in GPUImageVideoCamera.m -[GPUImageVideoCamera captureOutput:didOutputSampleBuffer:fromConnection:] 893
2019-02-26 17:43:29.836136+0800 GijkPlayer[29678:1694527] #VideoCapture# GPUImageVideoCamera$captureOutput return#1 in GPUImageVideoCamera.m -[GPUImageVideoCamera captureOutput:didOutputSampleBuffer:fromConnection:] 893
2019-02-26 17:43:30.136474+0800 GijkPlayer[29678:1694213] #VideoCapture# GPUImageVideoCamera$captureOutput return#1 in GPUImageVideoCamera.m -[GPUImageVideoCamera captureOutput:didOutputSampleBuffer:fromConnection:] 893
2019-02-26 17:43:30.236914+0800 GijkPlayer[29678:1694213] #VideoCapture# GPUImageVideoCamera$captureOutput return#1 in GPUImageVideoCamera.m -[GPUImageVideoCamera captureOutput:didOutputSampleBuffer:fromConnection:] 893
2019-02-26 17:43:30.638522+0800 GijkPlayer[29678:1694527] #VideoCapture# GPUImageVideoCamera$captureOutput return#1 in GPUImageVideoCamera.m -[GPUImageVideoCamera captureOutput:didOutputSampleBuffer:fromConnection:] 893
2019-02-26 17:43:30.837538+0800 GijkPlayer[29678:1694514] #VideoCapture# GPUImageVideoCamera$captureOutput return#1 in GPUImageVideoCamera.m -[GPUImageVideoCamera captureOutput:didOutputSampleBuffer:fromConnection:] 893
2019-02-26 17:43:30.937209+0800 GijkPlayer[29678:1694536] #VideoCapture# GPUImageVideoCamera$captureOutput return#1 in GPUImageVideoCamera.m -[GPUImageVideoCamera captureOutput:didOutputSampleBuffer:fromConnection:] 893
2019-02-26 17:43:31.137841+0800 GijkPlayer[29678:1694527] #VideoCapture# GPUImageVideoCamera$captureOutput return#1 in GPUImageVideoCamera.m -[GPUImageVideoCamera captureOutput:didOutputSampleBuffer:fromConnection:] 893
2019-02-26 17:43:31.438508+0800 GijkPlayer[29678:1694514] #VideoCapture# GPUImageVideoCamera$captureOutput return#1 in GPUImageVideoCamera.m -[GPUImageVideoCamera captureOutput:didOutputSampleBuffer:fromConnection:] 893
2019-02-26 17:43:31.537959+0800 GijkPlayer[29678:1694514] #VideoCapture# GPUImageVideoCamera$captureOutput return#1 in GPUImageVideoCamera.m -[GPUImageVideoCamera captureOutput:didOutputSampleBuffer:fromConnection:] 893
2019-02-26 17:43:32.504547+0800 GijkPlayer[29678:1694223] #VideoCapture# GPUImageVideoCamera$captureOutput return#1 in GPUImageVideoCamera.m -[GPUImageVideoCamera captureOutput:didOutputSampleBuffer:fromConnection:] 893
2019-02-26 17:43:32.639132+0800 GijkPlayer[29678:1694537] #VideoCapture# GPUImageVideoCamera$captureOutput return#1 in GPUImageVideoCamera.m -[GPUImageVideoCamera captureOutput:didOutputSampleBuffer:fromConnection:] 893
2019-02-26 17:43:32.839574+0800 GijkPlayer[29678:1694527] #VideoCapture# GPUImageVideoCamera$captureOutput return#1 in GPUImageVideoCamera.m -[GPUImageVideoCamera captureOutput:didOutputSampleBuffer:fromConnection:] 893
2019-02-26 17:43:32.904719+0800 GijkPlayer[29678:1694055] #VideoCapture# -[CameraPlayerViewController dismissSelf] @ line378
2019-02-26 17:43:32.945886+0800 GijkPlayer[29678:1694055] #VideoCapture# GPUImageVideoCamera$stopCameraCapture in GPUImageVideoCamera.m -[GPUImageVideoCamera stopCameraCapture] 350
2019-02-26 17:43:32.946122+0800 GijkPlayer[29678:1694055] #VideoCapture# G
